# JRE version: OpenJDK Runtime Environment Temurin-21.0.11+10 (21.0.11+10) (build 21.0.11+10-LTS)
# Java VM: OpenJDK 64-Bit Server VM Temurin-21.0.11+10 (21.0.11+10-LTS, mixed mode, sharing, tiered, compressed oops, compressed class ptrs, parallel gc, windows-amd64)
GC Precious Log:
 CardTable entry size: 512
 CPUs: 4 total, 4 available
 Memory: 7847M
 Large Page Support: Disabled
 NUMA Support: Disabled
 Compressed Oops: Enabled (32-bit)
 Alignments: Space 512K, Generation 512K, Heap 2M
 Heap Min Capacity: 100M
 Heap Initial Capacity: 100M
 Heap Max Capacity: 2G
 Pre-touch: Disabled
 Parallel Workers: 4
Heap:
 PSYoungGen      total 4608K, used 1579K [0x00000000d5580000, 0x00000000d5d00000, 0x0000000100000000)
  eden space 3584K, 19% used [0x00000000d5580000,0x00000000d5632730,0x00000000d5900000)
  from space 1024K, 84% used [0x00000000d5b00000,0x00000000d5bd8518,0x00000000d5c00000)
  to   space 1024K, 0% used [0x00000000d5c00000,0x00000000d5c00000,0x00000000d5d00000)
 ParOldGen       total 670720K, used 670646K [0x0000000080000000, 0x00000000a8f00000, 0x00000000d5580000)
  object space 670720K, 99% used [0x0000000080000000,0x00000000a8eedb50,0x00000000a8f00000)
 Metaspace       used 80324K, committed 82048K, reserved 1179648K
  class space    used 8505K, committed 9280K, reserved 1048576K
GC Heap History (20 events):
Event: 2084.614 GC heap before
{Heap before GC invocations=877 (full 3):
 PSYoungGen      total 4608K, used 4603K [0x00000000d5580000, 0x00000000d5b80000, 0x0000000100000000)
  eden space 4096K, 100% used [0x00000000d5580000,0x00000000d5980000,0x00000000d5980000)
  from space 512K, 99% used [0x00000000d5a00000,0x00000000d5a7ec08,0x00000000d5a80000)
  to   space 1024K, 0% used [0x00000000d5a80000,0x00000000d5a80000,0x00000000d5b80000)
 ParOldGen       total 665088K, used 664900K [0x0000000080000000, 0x00000000a8980000, 0x00000000d5580000)
  object space 665088K, 99% used [0x0000000080000000,0x00000000a89511a8,0x00000000a8980000)
 Metaspace       used 79513K, committed 81216K, reserved 1179648K
  class space    used 8422K, committed 9216K, reserved 1048576K
}
Event: 2084.620 GC heap after
{Heap after GC invocations=877 (full 3):
 PSYoungGen      total 4608K, used 955K [0x00000000d5580000, 0x00000000d5c80000, 0x0000000100000000)
  eden space 3584K, 0% used [0x00000000d5580000,0x00000000d5580000,0x00000000d5900000)
  from space 1024K, 93% used [0x00000000d5a80000,0x00000000d5b6ec08,0x00000000d5b80000)
  to   space 1536K, 0% used [0x00000000d5900000,0x00000000d5900000,0x00000000d5a80000)
 ParOldGen       total 665600K, used 665319K [0x0000000080000000, 0x00000000a8a00000, 0x00000000d5580000)
  object space 665600K, 99% used [0x0000000080000000,0x00000000a89b9db0,0x00000000a8a00000)
 Metaspace       used 79513K, committed 81216K, reserved 1179648K
  class space    used 8422K, committed 9216K, reserved 1048576K
}
Event: 3875.095 GC heap before
{Heap before GC invocations=878 (full 3):
 PSYoungGen      total 4608K, used 4520K [0x00000000d5580000, 0x00000000d5c80000, 0x0000000100000000)
  eden space 3584K, 99% used [0x00000000d5580000,0x00000000d58fb448,0x00000000d5900000)
  from space 1024K, 93% used [0x00000000d5a80000,0x00000000d5b6ec08,0x00000000d5b80000)
  to   space 1536K, 0% used [0x00000000d5900000,0x00000000d5900000,0x00000000d5a80000)
 ParOldGen       total 665600K, used 665319K [0x0000000080000000, 0x00000000a8a00000, 0x00000000d5580000)
  object space 665600K, 99% used [0x0000000080000000,0x00000000a89b9db0,0x00000000a8a00000)
 Metaspace       used 79597K, committed 81280K, reserved 1179648K
  class space    used 8430K, committed 9216K, reserved 1048576K
}
Event: 3875.167 GC heap after
{Heap after GC invocations=878 (full 3):
 PSYoungGen      total 4608K, used 621K [0x00000000d5580000, 0x00000000d5b00000, 0x0000000100000000)
  eden space 3584K, 0% used [0x00000000d5580000,0x00000000d5580000,0x00000000d5900000)
  from space 1024K, 60% used [0x00000000d5900000,0x00000000d599b738,0x00000000d5a00000)
  to   space 1024K, 0% used [0x00000000d5a00000,0x00000000d5a00000,0x00000000d5b00000)
 ParOldGen       total 666624K, used 666141K [0x0000000080000000, 0x00000000a8b00000, 0x00000000d5580000)
  object space 666624K, 99% used [0x0000000080000000,0x00000000a8a87638,0x00000000a8b00000)
 Metaspace       used 79597K, committed 81280K, reserved 1179648K
  class space    used 8430K, committed 9216K, reserved 1048576K
}
Event: 3875.559 GC heap before
{Heap before GC invocations=879 (full 3):
 PSYoungGen      total 4608K, used 3738K [0x00000000d5580000, 0x00000000d5b00000, 0x0000000100000000)
  eden space 3584K, 86% used [0x00000000d5580000,0x00000000d588b360,0x00000000d5900000)
  from space 1024K, 60% used [0x00000000d5900000,0x00000000d599b738,0x00000000d5a00000)
  to   space 1024K, 0% used [0x00000000d5a00000,0x00000000d5a00000,0x00000000d5b00000)
 ParOldGen       total 666624K, used 666141K [0x0000000080000000, 0x00000000a8b00000, 0x00000000d5580000)
  object space 666624K, 99% used [0x0000000080000000,0x00000000a8a87638,0x00000000a8b00000)
 Metaspace       used 80038K, committed 81664K, reserved 1179648K
  class space    used 8472K, committed 9216K, reserved 1048576K
}
Event: 3875.565 GC heap after
{Heap after GC invocations=879 (full 3):
 PSYoungGen      total 4096K, used 96K [0x00000000d5580000, 0x00000000d5a80000, 0x0000000100000000)
  eden space 3584K, 0% used [0x00000000d5580000,0x00000000d5580000,0x00000000d5900000)
  from space 512K, 18% used [0x00000000d5a00000,0x00000000d5a18000,0x00000000d5a80000)
  to   space 512K, 0% used [0x00000000d5980000,0x00000000d5980000,0x00000000d5a00000)
 ParOldGen       total 667136K, used 666646K [0x0000000080000000, 0x00000000a8b80000, 0x00000000d5580000)
  object space 667136K, 99% used [0x0000000080000000,0x00000000a8b05a00,0x00000000a8b80000)
 Metaspace       used 80038K, committed 81664K, reserved 1179648K
  class space    used 8472K, committed 9216K, reserved 1048576K
}
Event: 3875.646 GC heap before
{Heap before GC invocations=880 (full 3):
 PSYoungGen      total 4096K, used 3680K [0x00000000d5580000, 0x00000000d5a80000, 0x0000000100000000)
  eden space 3584K, 100% used [0x00000000d5580000,0x00000000d5900000,0x00000000d5900000)
  from space 512K, 18% used [0x00000000d5a00000,0x00000000d5a18000,0x00000000d5a80000)
  to   space 512K, 0% used [0x00000000d5980000,0x00000000d5980000,0x00000000d5a00000)
 ParOldGen       total 667136K, used 666646K [0x0000000080000000, 0x00000000a8b80000, 0x00000000d5580000)
  object space 667136K, 99% used [0x0000000080000000,0x00000000a8b05a00,0x00000000a8b80000)
 Metaspace       used 80074K, committed 81728K, reserved 1179648K
  class space    used 8476K, committed 9216K, reserved 1048576K
}
Event: 3875.660 GC heap after
{Heap after GC invocations=880 (full 3):
 PSYoungGen      total 4096K, used 491K [0x00000000d5580000, 0x00000000d6000000, 0x0000000100000000)
  eden space 3584K, 0% used [0x00000000d5580000,0x00000000d5580000,0x00000000d5900000)
  from space 512K, 96% used [0x00000000d5980000,0x00000000d59faf70,0x00000000d5a00000)
  to   space 3584K, 0% used [0x00000000d5c80000,0x00000000d5c80000,0x00000000d6000000)
 ParOldGen       total 669184K, used 668954K [0x0000000080000000, 0x00000000a8d80000, 0x00000000d5580000)
  object space 669184K, 99% used [0x0000000080000000,0x00000000a8d46ae8,0x00000000a8d80000)
 Metaspace       used 80074K, committed 81728K, reserved 1179648K
  class space    used 8476K, committed 9216K, reserved 1048576K
}
Event: 3875.673 GC heap before
{Heap before GC invocations=881 (full 3):
 PSYoungGen      total 4096K, used 4075K [0x00000000d5580000, 0x00000000d6000000, 0x0000000100000000)
  eden space 3584K, 100% used [0x00000000d5580000,0x00000000d5900000,0x00000000d5900000)
  from space 512K, 96% used [0x00000000d5980000,0x00000000d59faf70,0x00000000d5a00000)
  to   space 3584K, 0% used [0x00000000d5c80000,0x00000000d5c80000,0x00000000d6000000)
 ParOldGen       total 669184K, used 668954K [0x0000000080000000, 0x00000000a8d80000, 0x00000000d5580000)
  object space 669184K, 99% used [0x0000000080000000,0x00000000a8d46ae8,0x00000000a8d80000)
 Metaspace       used 80074K, committed 81728K, reserved 1179648K
  class space    used 8476K, committed 9216K, reserved 1048576K
}
Event: 3875.677 GC heap after
{Heap after GC invocations=881 (full 3):
 PSYoungGen      total 4096K, used 128K [0x00000000d5580000, 0x00000000d5d00000, 0x0000000100000000)
  eden space 3584K, 0% used [0x00000000d5580000,0x00000000d5580000,0x00000000d5900000)
  from space 512K, 25% used [0x00000000d5c80000,0x00000000d5ca0000,0x00000000d5d00000)
  to   space 1536K, 0% used [0x00000000d5a00000,0x00000000d5a00000,0x00000000d5b80000)
 ParOldGen       total 669696K, used 669410K [0x0000000080000000, 0x00000000a8e00000, 0x00000000d5580000)
  object space 669696K, 99% used [0x0000000080000000,0x00000000a8db8860,0x00000000a8e00000)
 Metaspace       used 80074K, committed 81728K, reserved 1179648K
  class space    used 8476K, committed 9216K, reserved 1048576K
}
Event: 3875.721 GC heap before
{Heap before GC invocations=882 (full 3):
 PSYoungGen      total 4096K, used 3712K [0x00000000d5580000, 0x00000000d5d00000, 0x0000000100000000)
  eden space 3584K, 100% used [0x00000000d5580000,0x00000000d5900000,0x00000000d5900000)
  from space 512K, 25% used [0x00000000d5c80000,0x00000000d5ca0000,0x00000000d5d00000)
  to   space 1536K, 0% used [0x00000000d5a00000,0x00000000d5a00000,0x00000000d5b80000)
 ParOldGen       total 669696K, used 669410K [0x0000000080000000, 0x00000000a8e00000, 0x00000000d5580000)
  object space 669696K, 99% used [0x0000000080000000,0x00000000a8db8860,0x00000000a8e00000)
 Metaspace       used 80075K, committed 81728K, reserved 1179648K
  class space    used 8476K, committed 9216K, reserved 1048576K
}
Event: 3875.724 GC heap after
{Heap after GC invocations=882 (full 3):
 PSYoungGen      total 5120K, used 304K [0x00000000d5580000, 0x00000000d5d00000, 0x0000000100000000)
  eden space 3584K, 0% used [0x00000000d5580000,0x00000000d5580000,0x00000000d5900000)
  from space 1536K, 19% used [0x00000000d5a00000,0x00000000d5a4c038,0x00000000d5b80000)
  to   space 512K, 0% used [0x00000000d5c80000,0x00000000d5c80000,0x00000000d5d00000)
 ParOldGen       total 669696K, used 669498K [0x0000000080000000, 0x00000000a8e00000, 0x00000000d5580000)
  object space 669696K, 99% used [0x0000000080000000,0x00000000a8dce860,0x00000000a8e00000)
 Metaspace       used 80075K, committed 81728K, reserved 1179648K
  class space    used 8476K, committed 9216K, reserved 1048576K
}
Event: 3875.743 GC heap before
{Heap before GC invocations=883 (full 3):
 PSYoungGen      total 5120K, used 3888K [0x00000000d5580000, 0x00000000d5d00000, 0x0000000100000000)
  eden space 3584K, 100% used [0x00000000d5580000,0x00000000d5900000,0x00000000d5900000)
  from space 1536K, 19% used [0x00000000d5a00000,0x00000000d5a4c038,0x00000000d5b80000)
  to   space 512K, 0% used [0x00000000d5c80000,0x00000000d5c80000,0x00000000d5d00000)
 ParOldGen       total 669696K, used 669498K [0x0000000080000000, 0x00000000a8e00000, 0x00000000d5580000)
  object space 669696K, 99% used [0x0000000080000000,0x00000000a8dce860,0x00000000a8e00000)
 Metaspace       used 80075K, committed 81728K, reserved 1179648K
  class space    used 8476K, committed 9216K, reserved 1048576K
}
Event: 3875.748 GC heap after
{Heap after GC invocations=883 (full 3):
 PSYoungGen      total 4096K, used 266K [0x00000000d5580000, 0x00000000d5d00000, 0x0000000100000000)
  eden space 3584K, 0% used [0x00000000d5580000,0x00000000d5580000,0x00000000d5900000)
  from space 512K, 52% used [0x00000000d5c80000,0x00000000d5cc2a40,0x00000000d5d00000)
  to   space 512K, 0% used [0x00000000d5c00000,0x00000000d5c00000,0x00000000d5c80000)
 ParOldGen       total 670208K, used 669703K [0x0000000080000000, 0x00000000a8e80000, 0x00000000d5580000)
  object space 670208K, 99% used [0x0000000080000000,0x00000000a8e01c70,0x00000000a8e80000)
 Metaspace       used 80075K, committed 81728K, reserved 1179648K
  class space    used 8476K, committed 9216K, reserved 1048576K
}
Event: 3875.771 GC heap before
{Heap before GC invocations=884 (full 3):
 PSYoungGen      total 4096K, used 3850K [0x00000000d5580000, 0x00000000d5d00000, 0x0000000100000000)
  eden space 3584K, 100% used [0x00000000d5580000,0x00000000d5900000,0x00000000d5900000)
  from space 512K, 52% used [0x00000000d5c80000,0x00000000d5cc2a40,0x00000000d5d00000)
  to   space 512K, 0% used [0x00000000d5c00000,0x00000000d5c00000,0x00000000d5c80000)
 ParOldGen       total 670208K, used 669703K [0x0000000080000000, 0x00000000a8e80000, 0x00000000d5580000)
  object space 670208K, 99% used [0x0000000080000000,0x00000000a8e01c70,0x00000000a8e80000)
 Metaspace       used 80075K, committed 81728K, reserved 1179648K
  class space    used 8476K, committed 9216K, reserved 1048576K
}
Event: 3875.774 GC heap after
{Heap after GC invocations=884 (full 3):
 PSYoungGen      total 4096K, used 128K [0x00000000d5580000, 0x00000000d5d00000, 0x0000000100000000)
  eden space 3584K, 0% used [0x00000000d5580000,0x00000000d5580000,0x00000000d5900000)
  from space 512K, 25% used [0x00000000d5c00000,0x00000000d5c20000,0x00000000d5c80000)
  to   space 512K, 0% used [0x00000000d5c80000,0x00000000d5c80000,0x00000000d5d00000)
 ParOldGen       total 670208K, used 669877K [0x0000000080000000, 0x00000000a8e80000, 0x00000000d5580000)
  object space 670208K, 99% used [0x0000000080000000,0x00000000a8e2d760,0x00000000a8e80000)
 Metaspace       used 80075K, committed 81728K, reserved 1179648K
  class space    used 8476K, committed 9216K, reserved 1048576K
}
Event: 3875.989 GC heap before
{Heap before GC invocations=885 (full 3):
 PSYoungGen      total 4096K, used 3712K [0x00000000d5580000, 0x00000000d5d00000, 0x0000000100000000)
  eden space 3584K, 100% used [0x00000000d5580000,0x00000000d5900000,0x00000000d5900000)
  from space 512K, 25% used [0x00000000d5c00000,0x00000000d5c20000,0x00000000d5c80000)
  to   space 512K, 0% used [0x00000000d5c80000,0x00000000d5c80000,0x00000000d5d00000)
 ParOldGen       total 670208K, used 669877K [0x0000000080000000, 0x00000000a8e80000, 0x00000000d5580000)
  object space 670208K, 99% used [0x0000000080000000,0x00000000a8e2d760,0x00000000a8e80000)
 Metaspace       used 80252K, committed 81984K, reserved 1179648K
  class space    used 8503K, committed 9280K, reserved 1048576K
}
Event: 3875.999 GC heap after
{Heap after GC invocations=885 (full 3):
 PSYoungGen      total 4096K, used 480K [0x00000000d5580000, 0x00000000d5d00000, 0x0000000100000000)
  eden space 3584K, 0% used [0x00000000d5580000,0x00000000d5580000,0x00000000d5900000)
  from space 512K, 93% used [0x00000000d5c80000,0x00000000d5cf8010,0x00000000d5d00000)
  to   space 1024K, 0% used [0x00000000d5b00000,0x00000000d5b00000,0x00000000d5c00000)
 ParOldGen       total 670208K, used 670158K [0x0000000080000000, 0x00000000a8e80000, 0x00000000d5580000)
  object space 670208K, 99% used [0x0000000080000000,0x00000000a8e73b40,0x00000000a8e80000)
 Metaspace       used 80252K, committed 81984K, reserved 1179648K
  class space    used 8503K, committed 9280K, reserved 1048576K
}
Event: 3876.176 GC heap before
{Heap before GC invocations=886 (full 3):
 PSYoungGen      total 4096K, used 4064K [0x00000000d5580000, 0x00000000d5d00000, 0x0000000100000000)
  eden space 3584K, 100% used [0x00000000d5580000,0x00000000d5900000,0x00000000d5900000)
  from space 512K, 93% used [0x00000000d5c80000,0x00000000d5cf8010,0x00000000d5d00000)
  to   space 1024K, 0% used [0x00000000d5b00000,0x00000000d5b00000,0x00000000d5c00000)
 ParOldGen       total 670208K, used 670158K [0x0000000080000000, 0x00000000a8e80000, 0x00000000d5580000)
  object space 670208K, 99% used [0x0000000080000000,0x00000000a8e73b40,0x00000000a8e80000)
 Metaspace       used 80323K, committed 82048K, reserved 1179648K
  class space    used 8505K, committed 9280K, reserved 1048576K
}
Event: 3876.182 GC heap after
{Heap after GC invocations=886 (full 3):
 PSYoungGen      total 4608K, used 865K [0x00000000d5580000, 0x00000000d5d00000, 0x0000000100000000)
  eden space 3584K, 0% used [0x00000000d5580000,0x00000000d5580000,0x00000000d5900000)
  from space 1024K, 84% used [0x00000000d5b00000,0x00000000d5bd8518,0x00000000d5c00000)
  to   space 1024K, 0% used [0x00000000d5c00000,0x00000000d5c00000,0x00000000d5d00000)
 ParOldGen       total 670720K, used 670646K [0x0000000080000000, 0x00000000a8f00000, 0x00000000d5580000)
  object space 670720K, 99% used [0x0000000080000000,0x00000000a8eedb50,0x00000000a8f00000)
 Metaspace       used 80323K, committed 82048K, reserved 1179648K
  class space    used 8505K, committed 9280K, reserved 1048576K
}

