# JRE version: Java(TM) SE Runtime Environment 18.9 (11.0.27+8) (build 11.0.27+8-LTS-232)
# Java VM: Java HotSpot(TM) 64-Bit Server VM 18.9 (11.0.27+8-LTS-232, mixed mode, tiered, compressed oops, g1 gc, windows-amd64)
Heap:
 garbage-first heap   total 152576K, used 17025K [0x0000000085600000, 0x0000000100000000)
  region size 1024K, 8 young (8192K), 8 survivors (8192K)
 Metaspace       used 28630K, capacity 29253K, committed 29312K, reserved 1085440K
  class space    used 3187K, capacity 3412K, committed 3456K, reserved 1048576K
GC Heap History (9 events):
Event: 1.570 GC heap before
{Heap before GC invocations=0 (full 0):
 garbage-first heap   total 126976K, used 13312K [0x0000000085600000, 0x0000000100000000)
  region size 1024K, 14 young (14336K), 0 survivors (0K)
 Metaspace       used 9605K, capacity 9780K, committed 9984K, reserved 1058816K
  class space    used 888K, capacity 966K, committed 1024K, reserved 1048576K
}
Event: 1.580 GC heap after
{Heap after GC invocations=1 (full 0):
 garbage-first heap   total 126976K, used 2879K [0x0000000085600000, 0x0000000100000000)
  region size 1024K, 2 young (2048K), 2 survivors (2048K)
 Metaspace       used 9605K, capacity 9780K, committed 9984K, reserved 1058816K
  class space    used 888K, capacity 966K, committed 1024K, reserved 1048576K
}
Event: 4.455 GC heap before
{Heap before GC invocations=1 (full 0):
 garbage-first heap   total 126976K, used 76607K [0x0000000085600000, 0x0000000100000000)
  region size 1024K, 74 young (75776K), 2 survivors (2048K)
 Metaspace       used 17575K, capacity 17864K, committed 17920K, reserved 1064960K
  class space    used 1911K, capacity 2015K, committed 2048K, reserved 1048576K
}
Event: 4.473 GC heap after
{Heap after GC invocations=2 (full 0):
 garbage-first heap   total 126976K, used 5295K [0x0000000085600000, 0x0000000100000000)
  region size 1024K, 5 young (5120K), 5 survivors (5120K)
 Metaspace       used 17575K, capacity 17864K, committed 17920K, reserved 1064960K
  class space    used 1911K, capacity 2015K, committed 2048K, reserved 1048576K
}
Event: 5.405 GC heap before
{Heap before GC invocations=2 (full 0):
 garbage-first heap   total 126976K, used 27823K [0x0000000085600000, 0x0000000100000000)
  region size 1024K, 28 young (28672K), 5 survivors (5120K)
 Metaspace       used 20756K, capacity 21135K, committed 21248K, reserved 1069056K
  class space    used 2321K, capacity 2467K, committed 2560K, reserved 1048576K
}
Event: 5.431 GC heap after
{Heap after GC invocations=3 (full 0):
 garbage-first heap   total 126976K, used 6975K [0x0000000085600000, 0x0000000100000000)
  region size 1024K, 6 young (6144K), 6 survivors (6144K)
 Metaspace       used 20756K, capacity 21135K, committed 21248K, reserved 1069056K
  class space    used 2321K, capacity 2467K, committed 2560K, reserved 1048576K
}
Event: 7.789 GC heap before
{Heap before GC invocations=4 (full 0):
 garbage-first heap   total 126976K, used 70463K [0x0000000085600000, 0x0000000100000000)
  region size 1024K, 68 young (69632K), 6 survivors (6144K)
 Metaspace       used 23645K, capacity 24142K, committed 24320K, reserved 1071104K
  class space    used 2588K, capacity 2767K, committed 2816K, reserved 1048576K
}
Event: 7.822 GC heap after
{Heap after GC invocations=5 (full 0):
 garbage-first heap   total 126976K, used 11551K [0x0000000085600000, 0x0000000100000000)
  region size 1024K, 9 young (9216K), 9 survivors (9216K)
 Metaspace       used 23645K, capacity 24142K, committed 24320K, reserved 1071104K
  class space    used 2588K, capacity 2767K, committed 2816K, reserved 1048576K
}
Event: 9.412 GC heap before
{Heap before GC invocations=5 (full 0):
 garbage-first heap   total 126976K, used 40223K [0x0000000085600000, 0x0000000100000000)
  region size 1024K, 36 young (36864K), 9 survivors (9216K)
 Metaspace       used 28630K, capacity 29253K, committed 29312K, reserved 1085440K
  class space    used 3187K, capacity 3412K, committed 3456K, reserved 1048576K
}

