# JRE version: Java(TM) SE Runtime Environment 18.9 (11.0.27+8) (build 11.0.27+8-LTS-232)
# Java VM: Java HotSpot(TM) 64-Bit Server VM 18.9 (11.0.27+8-LTS-232, mixed mode, tiered, compressed oops, g1 gc, windows-amd64)
Heap:
 garbage-first heap   total 152576K, used 14324K [0x0000000085600000, 0x0000000100000000)
  region size 1024K, 10 young (10240K), 7 survivors (7168K)
 Metaspace       used 33380K, capacity 34336K, committed 34560K, reserved 1079296K
  class space    used 3898K, capacity 4298K, committed 4352K, reserved 1048576K
GC Heap History (10 events):
Event: 2.043 GC heap before
{Heap before GC invocations=1 (full 0):
 garbage-first heap   total 126976K, used 14476K [0x0000000085600000, 0x0000000100000000)
  region size 1024K, 11 young (11264K), 2 survivors (2048K)
 Metaspace       used 12356K, capacity 12730K, committed 12928K, reserved 1060864K
  class space    used 1235K, capacity 1390K, committed 1408K, reserved 1048576K
}
Event: 2.053 GC heap after
{Heap after GC invocations=2 (full 0):
 garbage-first heap   total 126976K, used 6214K [0x0000000085600000, 0x0000000100000000)
  region size 1024K, 1 young (1024K), 1 survivors (1024K)
 Metaspace       used 12356K, capacity 12730K, committed 12928K, reserved 1060864K
  class space    used 1235K, capacity 1390K, committed 1408K, reserved 1048576K
}
Event: 3.379 GC heap before
{Heap before GC invocations=2 (full 0):
 garbage-first heap   total 126976K, used 27718K [0x0000000085600000, 0x0000000100000000)
  region size 1024K, 22 young (22528K), 1 survivors (1024K)
 Metaspace       used 16589K, capacity 17154K, committed 17408K, reserved 1064960K
  class space    used 1759K, capacity 1982K, committed 2048K, reserved 1048576K
}
Event: 3.387 GC heap after
{Heap after GC invocations=3 (full 0):
 garbage-first heap   total 126976K, used 7031K [0x0000000085600000, 0x0000000100000000)
  region size 1024K, 2 young (2048K), 2 survivors (2048K)
 Metaspace       used 16589K, capacity 17154K, committed 17408K, reserved 1064960K
  class space    used 1759K, capacity 1982K, committed 2048K, reserved 1048576K
}
Event: 4.572 GC heap before
{Heap before GC invocations=3 (full 0):
 garbage-first heap   total 126976K, used 28535K [0x0000000085600000, 0x0000000100000000)
  region size 1024K, 24 young (24576K), 2 survivors (2048K)
 Metaspace       used 20485K, capacity 21132K, committed 21248K, reserved 1069056K
  class space    used 2279K, capacity 2551K, committed 2560K, reserved 1048576K
}
Event: 4.585 GC heap after
{Heap after GC invocations=4 (full 0):
 garbage-first heap   total 126976K, used 8183K [0x0000000085600000, 0x0000000100000000)
  region size 1024K, 3 young (3072K), 3 survivors (3072K)
 Metaspace       used 20485K, capacity 21132K, committed 21248K, reserved 1069056K
  class space    used 2279K, capacity 2551K, committed 2560K, reserved 1048576K
}
Event: 7.052 GC heap before
{Heap before GC invocations=5 (full 0):
 garbage-first heap   total 126976K, used 68599K [0x0000000085600000, 0x0000000100000000)
  region size 1024K, 62 young (63488K), 3 survivors (3072K)
 Metaspace       used 28767K, capacity 29650K, committed 29824K, reserved 1075200K
  class space    used 3325K, capacity 3691K, committed 3712K, reserved 1048576K
}
Event: 7.073 GC heap after
{Heap after GC invocations=6 (full 0):
 garbage-first heap   total 126976K, used 10830K [0x0000000085600000, 0x0000000100000000)
  region size 1024K, 5 young (5120K), 5 survivors (5120K)
 Metaspace       used 28767K, capacity 29650K, committed 29824K, reserved 1075200K
  class space    used 3325K, capacity 3691K, committed 3712K, reserved 1048576K
}
Event: 11.143 GC heap before
{Heap before GC invocations=6 (full 0):
 garbage-first heap   total 126976K, used 81486K [0x0000000085600000, 0x0000000100000000)
  region size 1024K, 74 young (75776K), 5 survivors (5120K)
 Metaspace       used 33316K, capacity 34268K, committed 34560K, reserved 1079296K
  class space    used 3898K, capacity 4298K, committed 4352K, reserved 1048576K
}
Event: 11.175 GC heap after
{Heap after GC invocations=7 (full 0):
 garbage-first heap   total 152576K, used 12276K [0x0000000085600000, 0x0000000100000000)
  region size 1024K, 7 young (7168K), 7 survivors (7168K)
 Metaspace       used 33316K, capacity 34268K, committed 34560K, reserved 1079296K
  class space    used 3898K, capacity 4298K, committed 4352K, reserved 1048576K
}

