<?xml version="1.0" encoding="UTF-8"?>
<testsuite xmlns:xsi="http://www.w3.org/2001/XMLSchema-instance" xsi:noNamespaceSchemaLocation="https://maven.apache.org/surefire/maven-surefire-plugin/xsd/surefire-test-report.xsd" name="com.cognizant.spring_learn.SpringLearnApplicationTests" time="33.31" tests="3" errors="0" skipped="0" failures="0">
  <properties/>
  <testcase name="testGetCountryException" classname="com.cognizant.spring_learn.SpringLearnApplicationTests" time="2.01"/>
  <testcase name="contextLoads" classname="com.cognizant.spring_learn.SpringLearnApplicationTests" time="0.078"/>
  <testcase name="testGetCountry" classname="com.cognizant.spring_learn.SpringLearnApplicationTests" time="1.215"/>
</testsuite>